Build started 26.5.2014 г. 23:31:18 ч..
     1>Project "C:\Users\Ghos7\Documents\Visual Studio 2013\Projects\UniHW_1\hw1.group2.61715\hw1.group2.61715.vcxproj" on node 2 (Build target(s)).
     1>C:\Program Files (x86)\MSBuild\Microsoft.Cpp\v4.0\V120\Microsoft.CppBuild.targets(381,5): warning MSB8028: The intermediate directory (Debug\) contains files shared from another project (ConsoleApplication1.vcxproj).  This can lead to incorrect clean and rebuild behavior.
     1>ClCompile:
         C:\Program Files (x86)\Microsoft Visual Studio 12.0\VC\bin\CL.exe /c /ZI /nologo /W3 /WX- /sdl /Od /Oy- /D WIN32 /D _DEBUG /D _CONSOLE /D _LIB /D _UNICODE /D UNICODE /Gm /EHsc /RTC1 /MDd /GS /fp:precise /Zc:wchar_t /Zc:forScope /Fo"Debug\\" /Fd"Debug\vc120.pdb" /Gd /TP /analyze- /errorReport:prompt ..\ConsoleApplication1\main.cpp
         main.cpp
       Link:
         C:\Program Files (x86)\Microsoft Visual Studio 12.0\VC\bin\link.exe /ERRORREPORT:PROMPT /OUT:"C:\Users\Ghos7\Documents\Visual Studio 2013\Projects\UniHW_1\Debug\hw1.group2.61715.exe" /INCREMENTAL /NOLOGO kernel32.lib user32.lib gdi32.lib winspool.lib comdlg32.lib advapi32.lib shell32.lib ole32.lib oleaut32.lib uuid.lib odbc32.lib odbccp32.lib /MANIFEST /MANIFESTUAC:"level='asInvoker' uiAccess='false'" /manifest:embed /DEBUG /PDB:"C:\Users\Ghos7\Documents\Visual Studio 2013\Projects\UniHW_1\Debug\hw1.group2.61715.pdb" /SUBSYSTEM:CONSOLE /TLBID:1 /DYNAMICBASE /NXCOMPAT /IMPLIB:"C:\Users\Ghos7\Documents\Visual Studio 2013\Projects\UniHW_1\Debug\hw1.group2.61715.lib" /MACHINE:X86 Debug\BmpFile.obj
         Debug\DocFile.obj
         Debug\File.obj
         Debug\Folder.obj
         Debug\ImageFile.obj
         Debug\JpgFile.obj
         Debug\main.obj
         Debug\PdfFile.obj
         Debug\PngFile.obj
         Debug\TextFile.obj
         Debug\TxtFile.obj
         hw1.group2.61715.vcxproj -> C:\Users\Ghos7\Documents\Visual Studio 2013\Projects\UniHW_1\Debug\hw1.group2.61715.exe
     1>Done Building Project "C:\Users\Ghos7\Documents\Visual Studio 2013\Projects\UniHW_1\hw1.group2.61715\hw1.group2.61715.vcxproj" (Build target(s)).

Build succeeded.

Time Elapsed 00:00:00.68
